app/build/intermediates/manifest_merge_blame_file/debug/manifest-merger-blame-debug-report.txt
1<?xml version="1.0" encoding="utf-8"?>
2<manifest xmlns:android="http://schemas.android.com/apk/res/android"
3    package="com.backpackvr.ppquest"
4    android:versionCode="1"
5    android:versionName="1.0" >
6
7    <uses-sdk
8        android:minSdkVersion="23"
8-->src/main/AndroidManifest.xml
9        android:targetSdkVersion="29" />
9-->src/main/AndroidManifest.xml
10
11    <supports-screens
11-->src/main/AndroidManifest.xml:5:5-10:40
12        android:anyDensity="true"
12-->src/main/AndroidManifest.xml:6:9-34
13        android:largeScreens="true"
13-->src/main/AndroidManifest.xml:7:9-36
14        android:normalScreens="true"
14-->src/main/AndroidManifest.xml:8:9-37
15        android:smallScreens="true"
15-->src/main/AndroidManifest.xml:9:9-36
16        android:xlargeScreens="true" />
16-->src/main/AndroidManifest.xml:10:9-37
17
18    <uses-permission android:name="android.permission.REQUEST_INSTALL_PACKAGES" />
18-->src/main/AndroidManifest.xml:12:5-83
18-->src/main/AndroidManifest.xml:12:22-80
19    <uses-permission android:name="android.permission.READ_EXTERNAL_STORAGE" />
19-->src/main/AndroidManifest.xml:13:5-80
19-->src/main/AndroidManifest.xml:13:22-77
20    <uses-permission android:name="android.permission.WRITE_EXTERNAL_STORAGE" />
20-->src/main/AndroidManifest.xml:14:5-81
20-->src/main/AndroidManifest.xml:14:22-78
21    <uses-permission android:name="android.permission.QUERY_ALL_PACKAGES" />
21-->src/main/AndroidManifest.xml:15:5-77
21-->src/main/AndroidManifest.xml:15:22-74
22    <uses-permission android:name="android.permission.INTERNET" />
22-->src/main/AndroidManifest.xml:16:5-67
22-->src/main/AndroidManifest.xml:16:22-64
23    <uses-permission android:name="android.permission.WRITE_SETTINGS" />
23-->src/main/AndroidManifest.xml:17:5-73
23-->src/main/AndroidManifest.xml:17:22-70
24
25    <application
25-->src/main/AndroidManifest.xml:19:5-48:19
26        android:allowBackup="true"
26-->src/main/AndroidManifest.xml:20:9-35
27        android:appComponentFactory="androidx.core.app.CoreComponentFactory"
27-->[androidx.core:core:1.1.0] AndroidManifest.xml:24:18-86
28        android:debuggable="true"
29        android:extractNativeLibs="true"
29-->src/main/AndroidManifest.xml:21:9-41
30        android:icon="@mipmap/ic_launcher"
30-->src/main/AndroidManifest.xml:22:9-43
31        android:isGame="true"
31-->src/main/AndroidManifest.xml:23:9-30
32        android:label="@string/app_name"
32-->src/main/AndroidManifest.xml:24:9-41
33        android:roundIcon="@mipmap/ic_launcher_round"
33-->src/main/AndroidManifest.xml:25:9-54
34        android:theme="@style/Theme.MyApplication"
34-->src/main/AndroidManifest.xml:26:9-51
35        android:usesCleartextTraffic="true" >
35-->src/main/AndroidManifest.xml:27:9-44
36        <activity
36-->src/main/AndroidManifest.xml:28:9-38:20
37            android:name="com.backpackvr.ppquest.MainActivity"
37-->src/main/AndroidManifest.xml:29:13-63
38            android:configChanges="density|keyboard|keyboardHidden|navigation|orientation|screenLayout|screenSize|uiMode"
38-->src/main/AndroidManifest.xml:30:13-122
39            android:hardwareAccelerated="true"
39-->src/main/AndroidManifest.xml:31:13-47
40            android:resizeableActivity="true"
40-->src/main/AndroidManifest.xml:32:13-46
41            android:screenOrientation="landscape" >
41-->src/main/AndroidManifest.xml:33:13-50
42            <intent-filter android:autoVerify="true" >
42-->src/main/AndroidManifest.xml:34:13-37:25
42-->src/main/AndroidManifest.xml:34:28-53
43                <action android:name="android.intent.action.MAIN" />
43-->src/main/AndroidManifest.xml:35:17-69
43-->src/main/AndroidManifest.xml:35:25-66
44
45                <category android:name="android.intent.category.LAUNCHER" />
45-->src/main/AndroidManifest.xml:36:17-77
45-->src/main/AndroidManifest.xml:36:27-74
46            </intent-filter>
47        </activity>
48
49        <provider
50            android:name="androidx.core.content.FileProvider"
50-->src/main/AndroidManifest.xml:40:13-62
51            android:authorities="com.backpackvr.ppquest"
51-->src/main/AndroidManifest.xml:41:13-51
52            android:exported="false"
52-->src/main/AndroidManifest.xml:42:13-37
53            android:grantUriPermissions="true" >
53-->src/main/AndroidManifest.xml:43:13-47
54            <meta-data
54-->src/main/AndroidManifest.xml:44:13-46:58
55                android:name="android.support.FILE_PROVIDER_PATHS"
55-->src/main/AndroidManifest.xml:45:17-67
56                android:resource="@xml/provider_paths" />
56-->src/main/AndroidManifest.xml:46:17-55
57        </provider>
58    </application>
59
60</manifest>